<?xml version="1.0" encoding="UTF-8"?>
<testng-results ignored="0" total="2" passed="2" failed="0" skipped="0">
  <reporter-output>
  </reporter-output>
  <suite started-at="2021-10-19T08:04:50 IST" name="Default suite" finished-at="2021-10-19T08:04:50 IST" duration-ms="52">
    <groups>
    </groups>
    <test started-at="2021-10-19T08:04:50 IST" name="Default test" finished-at="2021-10-19T08:04:50 IST" duration-ms="52">
      <class name="com.crm.orgtest.OrgTest">
        <test-method signature="CreateOrgTest()[pri:0, instance:com.crm.orgtest.OrgTest@48974e45]" started-at="2021-10-19T08:04:50 IST" name="CreateOrgTest" finished-at="2021-10-19T08:04:50 IST" duration-ms="9" status="PASS">
          <reporter-output>
          </reporter-output>
        </test-method> <!-- CreateOrgTest -->
        <test-method signature="EditTest()[pri:0, instance:com.crm.orgtest.OrgTest@48974e45]" started-at="2021-10-19T08:04:50 IST" name="EditTest" finished-at="2021-10-19T08:04:50 IST" duration-ms="2" status="PASS">
          <reporter-output>
          </reporter-output>
        </test-method> <!-- EditTest -->
      </class> <!-- com.crm.orgtest.OrgTest -->
    </test> <!-- Default test -->
  </suite> <!-- Default suite -->
</testng-results>
